<?xml version="1.0" encoding="UTF-8"?>
<!-- Generated by org.testng.reporters.JUnitXMLReporter -->
<testsuite hostname="EC2AMAZ-S6A7FMN" ignored="0" name="Default test" tests="5" failures="0" timestamp="07 May 2022 05:52:28 GMT" time="35.739" errors="0">
  <testcase name="validateBasicAuthByProvidingCorrectUNandPWD" time="0.657" classname="com.test.sample.practice_automation.tests.AutomationScripts"/>
  <testcase name="validateFileUpload" time="2.7" classname="com.test.sample.practice_automation.tests.AutomationScripts"/>
  <testcase name="validateFormAuthenticationForValidUNandPWD" time="1.529" classname="com.test.sample.practice_automation.tests.AutomationScripts"/>
  <testcase name="validateFormAuthenticationForInvalidUNandPWD" time="1.73" classname="com.test.sample.practice_automation.tests.AutomationScripts"/>
  <testcase name="validateCheckboxStatus" time="0.511" classname="com.test.sample.practice_automation.tests.AutomationScripts"/>
</testsuite> <!-- Default test -->
