<?xml version="1.0" encoding="UTF-8"?>
<!-- Generated by org.testng.reporters.JUnitXMLReporter -->
<testsuite ignored="0" hostname="NB1471" failures="0" tests="5" name="Test" time="22.428" errors="0" timestamp="08 May 2022 12:07:53 GMT">
  <testcase classname="com.test.sample.practice_automation.tests.AutomationScripts" name="validateBasicAuthByProvidingCorrectUNandPWD" time="0.366"/>
  <testcase classname="com.test.sample.practice_automation.tests.AutomationScripts" name="validateFileUpload" time="5.258"/>
  <testcase classname="com.test.sample.practice_automation.tests.AutomationScripts" name="validateFormAuthenticationForValidUNandPWD" time="0.938"/>
  <testcase classname="com.test.sample.practice_automation.tests.AutomationScripts" name="validateFormAuthenticationForInvalidUNandPWD" time="0.913"/>
  <testcase classname="com.test.sample.practice_automation.tests.AutomationScripts" name="validateCheckboxStatus" time="0.263"/>
</testsuite> <!-- Test -->
