<?xml version="1.0" encoding="UTF-8"?>
<testng-results ignored="0" total="5" passed="5" failed="0" skipped="0">
  <reporter-output>
  </reporter-output>
  <suite started-at="2022-05-08T12:07:31Z" name="Suite" finished-at="2022-05-08T12:07:53Z" duration-ms="22428">
    <groups>
    </groups>
    <test started-at="2022-05-08T12:07:31Z" name="Test" finished-at="2022-05-08T12:07:53Z" duration-ms="22428">
      <class name="com.test.sample.practice_automation.tests.AutomationScripts">
        <test-method is-config="true" signature="setupBrowserDriverPath()[pri:0, instance:com.test.sample.practice_automation.tests.AutomationScripts@3ba987b8]" started-at="2022-05-08T12:07:29Z" name="setupBrowserDriverPath" finished-at="2022-05-08T12:07:31Z" duration-ms="2067" status="PASS">
          <reporter-output>
          </reporter-output>
        </test-method> <!-- setupBrowserDriverPath -->
        <test-method is-config="true" signature="initBrowser()[pri:0, instance:com.test.sample.practice_automation.tests.AutomationScripts@3ba987b8]" started-at="2022-05-08T12:07:31Z" name="initBrowser" finished-at="2022-05-08T12:07:35Z" duration-ms="3995" status="PASS">
          <reporter-output>
          </reporter-output>
        </test-method> <!-- initBrowser -->
        <test-method signature="validateBasicAuthByProvidingCorrectUNandPWD()[pri:0, instance:com.test.sample.practice_automation.tests.AutomationScripts@3ba987b8]" started-at="2022-05-08T12:07:35Z" name="validateBasicAuthByProvidingCorrectUNandPWD" finished-at="2022-05-08T12:07:35Z" duration-ms="366" status="PASS">
          <reporter-output>
          </reporter-output>
        </test-method> <!-- validateBasicAuthByProvidingCorrectUNandPWD -->
        <test-method is-config="true" signature="teardown()[pri:0, instance:com.test.sample.practice_automation.tests.AutomationScripts@3ba987b8]" started-at="2022-05-08T12:07:35Z" name="teardown" finished-at="2022-05-08T12:07:35Z" duration-ms="118" status="PASS">
          <reporter-output>
          </reporter-output>
        </test-method> <!-- teardown -->
        <test-method is-config="true" signature="initBrowser()[pri:0, instance:com.test.sample.practice_automation.tests.AutomationScripts@3ba987b8]" started-at="2022-05-08T12:07:35Z" name="initBrowser" finished-at="2022-05-08T12:07:38Z" duration-ms="2447" status="PASS">
          <reporter-output>
          </reporter-output>
        </test-method> <!-- initBrowser -->
        <test-method signature="validateFileUpload()[pri:1, instance:com.test.sample.practice_automation.tests.AutomationScripts@3ba987b8]" started-at="2022-05-08T12:07:38Z" name="validateFileUpload" finished-at="2022-05-08T12:07:43Z" duration-ms="5258" status="PASS">
          <reporter-output>
          </reporter-output>
        </test-method> <!-- validateFileUpload -->
        <test-method is-config="true" signature="teardown()[pri:0, instance:com.test.sample.practice_automation.tests.AutomationScripts@3ba987b8]" started-at="2022-05-08T12:07:43Z" name="teardown" finished-at="2022-05-08T12:07:43Z" duration-ms="146" status="PASS">
          <reporter-output>
          </reporter-output>
        </test-method> <!-- teardown -->
        <test-method is-config="true" signature="initBrowser()[pri:0, instance:com.test.sample.practice_automation.tests.AutomationScripts@3ba987b8]" started-at="2022-05-08T12:07:43Z" name="initBrowser" finished-at="2022-05-08T12:07:46Z" duration-ms="2548" status="PASS">
          <reporter-output>
          </reporter-output>
        </test-method> <!-- initBrowser -->
        <test-method signature="validateFormAuthenticationForValidUNandPWD()[pri:2, instance:com.test.sample.practice_automation.tests.AutomationScripts@3ba987b8]" started-at="2022-05-08T12:07:46Z" name="validateFormAuthenticationForValidUNandPWD" finished-at="2022-05-08T12:07:47Z" duration-ms="938" status="PASS">
          <reporter-output>
          </reporter-output>
        </test-method> <!-- validateFormAuthenticationForValidUNandPWD -->
        <test-method is-config="true" signature="teardown()[pri:0, instance:com.test.sample.practice_automation.tests.AutomationScripts@3ba987b8]" started-at="2022-05-08T12:07:47Z" name="teardown" finished-at="2022-05-08T12:07:47Z" duration-ms="118" status="PASS">
          <reporter-output>
          </reporter-output>
        </test-method> <!-- teardown -->
        <test-method is-config="true" signature="initBrowser()[pri:0, instance:com.test.sample.practice_automation.tests.AutomationScripts@3ba987b8]" started-at="2022-05-08T12:07:47Z" name="initBrowser" finished-at="2022-05-08T12:07:49Z" duration-ms="2543" status="PASS">
          <reporter-output>
          </reporter-output>
        </test-method> <!-- initBrowser -->
        <test-method signature="validateFormAuthenticationForInvalidUNandPWD()[pri:3, instance:com.test.sample.practice_automation.tests.AutomationScripts@3ba987b8]" started-at="2022-05-08T12:07:49Z" name="validateFormAuthenticationForInvalidUNandPWD" finished-at="2022-05-08T12:07:50Z" duration-ms="913" status="PASS">
          <reporter-output>
          </reporter-output>
        </test-method> <!-- validateFormAuthenticationForInvalidUNandPWD -->
        <test-method is-config="true" signature="teardown()[pri:0, instance:com.test.sample.practice_automation.tests.AutomationScripts@3ba987b8]" started-at="2022-05-08T12:07:50Z" name="teardown" finished-at="2022-05-08T12:07:50Z" duration-ms="116" status="PASS">
          <reporter-output>
          </reporter-output>
        </test-method> <!-- teardown -->
        <test-method is-config="true" signature="initBrowser()[pri:0, instance:com.test.sample.practice_automation.tests.AutomationScripts@3ba987b8]" started-at="2022-05-08T12:07:50Z" name="initBrowser" finished-at="2022-05-08T12:07:53Z" duration-ms="2502" status="PASS">
          <reporter-output>
          </reporter-output>
        </test-method> <!-- initBrowser -->
        <test-method signature="validateCheckboxStatus()[pri:4, instance:com.test.sample.practice_automation.tests.AutomationScripts@3ba987b8]" started-at="2022-05-08T12:07:53Z" name="validateCheckboxStatus" finished-at="2022-05-08T12:07:53Z" duration-ms="263" status="PASS">
          <reporter-output>
          </reporter-output>
        </test-method> <!-- validateCheckboxStatus -->
        <test-method is-config="true" signature="teardown()[pri:0, instance:com.test.sample.practice_automation.tests.AutomationScripts@3ba987b8]" started-at="2022-05-08T12:07:53Z" name="teardown" finished-at="2022-05-08T12:07:53Z" duration-ms="144" status="PASS">
          <reporter-output>
          </reporter-output>
        </test-method> <!-- teardown -->
      </class> <!-- com.test.sample.practice_automation.tests.AutomationScripts -->
    </test> <!-- Test -->
  </suite> <!-- Suite -->
</testng-results>
